2023-08-04__100414 - INFO - BD conectado com sucesso!
2023-08-04__100418 - INFO - Diretório destino informado com sucesso!
2023-08-04__100418 - INFO - Obs.: Caso não tenha sido preenchido, o nome padrão ('Coleta') será adotado
2023-08-04__100420 - INFO - Nome do arquivo gerado informado com sucesso!
2023-08-04__100420 - INFO - Obs.: Caso não tenha sido preenchido, o nome padrão ('NBA_{year}') será adotado
2023-08-04__100420 - INFO - Requisição bem sucedida!
2023-08-04__100431 - INFO - Arquivo tratado gerado com sucesso!!
2023-08-04__100432 - INFO - Dados carregados com sucesso!
2023-08-04__100442 - INFO - Banco usado!
2023-08-04__100442 - INFO - -------------------------------
2023-08-04__100508 - INFO - BD conectado com sucesso!
2023-08-04__100516 - INFO - Diretório destino informado com sucesso!
2023-08-04__100516 - INFO - Obs.: Caso não tenha sido preenchido, o nome padrão ('Coleta') será adotado
2023-08-04__100517 - INFO - Nome do arquivo gerado informado com sucesso!
2023-08-04__100517 - INFO - Obs.: Caso não tenha sido preenchido, o nome padrão ('NBA_{year}') será adotado
2023-08-04__100517 - INFO - Requisição bem sucedida!
2023-08-04__100528 - INFO - Arquivo tratado gerado com sucesso!!
2023-08-04__100528 - INFO - Dados carregados com sucesso!
2023-08-04__100538 - INFO - Banco usado!
2023-08-04__100538 - INFO - -------------------------------
